Determining if the include file sparsehash/dense_hash_map exists failed with the following output:
Change Dir: /Users/jdm/libsemigroups/extern/HPCombi/build/CMakeFiles/CMakeTmp

Run Build Command:"/usr/bin/make" "cmTC_f4110/fast"
/Library/Developer/CommandLineTools/usr/bin/make -f CMakeFiles/cmTC_f4110.dir/build.make CMakeFiles/cmTC_f4110.dir/build
Building CXX object CMakeFiles/cmTC_f4110.dir/CheckIncludeFile.cxx.o
/Library/Developer/CommandLineTools/usr/bin/c++    -std=c++11   -o CMakeFiles/cmTC_f4110.dir/CheckIncludeFile.cxx.o -c /Users/jdm/libsemigroups/extern/HPCombi/build/CMakeFiles/CMakeTmp/CheckIncludeFile.cxx
/Users/jdm/libsemigroups/extern/HPCombi/build/CMakeFiles/CMakeTmp/CheckIncludeFile.cxx:1:10: fatal error: 'sparsehash/dense_hash_map' file not found
#include <sparsehash/dense_hash_map>
         ^~~~~~~~~~~~~~~~~~~~~~~~~~~
1 error generated.
make[1]: *** [CMakeFiles/cmTC_f4110.dir/CheckIncludeFile.cxx.o] Error 1
make: *** [cmTC_f4110/fast] Error 2


Determining if the include file sparsehash/dense_hash_set exists failed with the following output:
Change Dir: /Users/jdm/libsemigroups/extern/HPCombi/build/CMakeFiles/CMakeTmp

Run Build Command:"/usr/bin/make" "cmTC_6b45f/fast"
/Library/Developer/CommandLineTools/usr/bin/make -f CMakeFiles/cmTC_6b45f.dir/build.make CMakeFiles/cmTC_6b45f.dir/build
Building CXX object CMakeFiles/cmTC_6b45f.dir/CheckIncludeFile.cxx.o
/Library/Developer/CommandLineTools/usr/bin/c++    -std=c++11   -o CMakeFiles/cmTC_6b45f.dir/CheckIncludeFile.cxx.o -c /Users/jdm/libsemigroups/extern/HPCombi/build/CMakeFiles/CMakeTmp/CheckIncludeFile.cxx
/Users/jdm/libsemigroups/extern/HPCombi/build/CMakeFiles/CMakeTmp/CheckIncludeFile.cxx:1:10: fatal error: 'sparsehash/dense_hash_set' file not found
#include <sparsehash/dense_hash_set>
         ^~~~~~~~~~~~~~~~~~~~~~~~~~~
1 error generated.
make[1]: *** [CMakeFiles/cmTC_6b45f.dir/CheckIncludeFile.cxx.o] Error 1
make: *** [cmTC_6b45f/fast] Error 2


Performing C++ SOURCE FILE Test HPCOMBI_HAVE_EXPERIMENTAL_NUMERIC_LCM failed with the following output:
Change Dir: /Users/jdm/libsemigroups/extern/HPCombi/build/CMakeFiles/CMakeTmp

Run Build Command:"/usr/bin/make" "cmTC_94cbf/fast"
/Library/Developer/CommandLineTools/usr/bin/make -f CMakeFiles/cmTC_94cbf.dir/build.make CMakeFiles/cmTC_94cbf.dir/build
Building CXX object CMakeFiles/cmTC_94cbf.dir/src.cxx.o
/Library/Developer/CommandLineTools/usr/bin/c++    -DHPCOMBI_HAVE_EXPERIMENTAL_NUMERIC_LCM -std=c++11   -o CMakeFiles/cmTC_94cbf.dir/src.cxx.o -c /Users/jdm/libsemigroups/extern/HPCombi/build/CMakeFiles/CMakeTmp/src.cxx
/Users/jdm/libsemigroups/extern/HPCombi/build/CMakeFiles/CMakeTmp/src.cxx:3:29: error: no member named 'experimental' in namespace 'std'
        static_assert( std::experimental::lcm(4, 6) == 12, "Buggy lcm");
                       ~~~~~^
1 error generated.
make[1]: *** [CMakeFiles/cmTC_94cbf.dir/src.cxx.o] Error 1
make: *** [cmTC_94cbf/fast] Error 2

Source file was:

        #include <experimental/numeric>
        static_assert( std::experimental::lcm(4, 6) == 12, "Buggy lcm");
        int main() { }
        
